<?xml version="1.0" encoding="UTF-8"?>
<!-- Generated by org.testng.reporters.JUnitReportReporter -->
<testsuite hostname="A003653-NC01" name="com.daozhen.demo.NewTest" tests="1" failures="0" timestamp="6 Nov 2018 09:36:47 GMT" time="5.011" errors="0">
  <testcase name="fff" time="5.011" classname="com.daozhen.demo.NewTest"/>
</testsuite> <!-- com.daozhen.demo.NewTest -->
